[cl.eide] : [F7730281-5469-11CB-87F8-F9FCBC3479FE] : log at : 2020/4/6|19:55:52|GMT+0800



[cl.eide] : [F7730281-5469-11CB-87F8-F9FCBC3479FE] : log at : 2020/4/6|20:03:45|GMT+0800
[cl.eide] : [F7730281-5469-11CB-87F8-F9FCBC3479FE] : log at : 2020/4/6|20:47:20|GMT+0800



[cl.eide] : [F7730281-5469-11CB-87F8-F9FCBC3479FE] : log at : 2020/4/6|20:47:34|GMT+0800



[cl.eide] : [F7730281-5469-11CB-87F8-F9FCBC3479FE] : log at : 2020/4/6|21:21:13|GMT+0800



[cl.eide] : [F7730281-5469-11CB-87F8-F9FCBC3479FE] : log at : 2020/4/10|16:38:13|GMT+0800



[cl.eide] : [F7730281-5469-11CB-87F8-F9FCBC3479FE] : log at : 2020/4/12|08:11:25|GMT+0800
[Error] : Error: EBUSY: resource busy or locked, open 'c:\Users\Administrator\Documents\Source\MCU\bujin\.EIDE\EIDE.json'
	at Object.openSync (fs.js:447:3)
	at Object.func (electron/js2c/asar.js:140:31)
	at Object.func [as openSync] (electron/js2c/asar.js:140:31)
	at Object.writeFileSync (fs.js:1206:35)
	at File.Write (c:\Users\Administrator\.vscode\extensions\cl.eide-1.1.1\out\lib\node-utility\File.js:234:12)
	at ProjectConfiguration.Save (c:\Users\Administrator\.vscode\extensions\cl.eide-1.1.1\out\src\EIDETypeDefine.js:58:27)
	at ProjectConfiguration.Save (c:\Users\Administrator\.vscode\extensions\cl.eide-1.1.1\out\src\EIDETypeDefine.js:492:15)
	at EIDEProject.UpdateDataChangedCount (c:\Users\Administrator\.vscode\extensions\cl.eide-1.1.1\out\src\EIDEProject.js:1024:37)
	at EventEmitter.<anonymous> (c:\Users\Administrator\.vscode\extensions\cl.eide-1.1.1\out\src\EIDEProject.js:1055:18)
	at EventEmitter.emit (events.js:203:13)
	at ProjectConfiguration.emit (c:\Users\Administrator\.vscode\extensions\cl.eide-1.1.1\out\src\EIDETypeDefine.js:50:21)
	at EventEmitter.<anonymous> (c:\Users\Administrator\.vscode\extensions\cl.eide-1.1.1\out\src\EIDEProject.js:1084:23)
	at EventEmitter.emit (events.js:203:13)
	at EIDEProject.emit (c:\Users\Administrator\.vscode\extensions\cl.eide-1.1.1\out\src\EIDEProject.js:837:28)
	at FileWatcher.watcher.OnRename (c:\Users\Administrator\.vscode\extensions\cl.eide-1.1.1\out\src\EIDEProject.js:938:47)
	at FSWatcher.<anonymous> (c:\Users\Administrator\.vscode\extensions\cl.eide-1.1.1\out\lib\node-utility\FileWatcher.js:17:34)
	at FSWatcher.emit (events.js:203:13)
	at FSEvent.FSWatcher._handle.onchange (internal/fs/watchers.js:131:12)
[Error] : Error: ENOENT: no such file or directory, lstat 'c:\Users\Administrator\Documents\Source\MCU\bujin\.\dependence\build-in\STD\timer.c'
	at lstatSync (fs.js:847:3)
	at fs.lstatSync (electron/js2c/asar.js:235:27)
	at Object.fs.lstatSync (electron/js2c/asar.js:235:27)
	at File.IsDir (c:\Users\Administrator\.vscode\extensions\cl.eide-1.1.1\out\lib\node-utility\File.js:247:23)
	at c:\Users\Administrator\.vscode\extensions\cl.eide-1.1.1\out\lib\node-utility\File.js:153:23
	at Array.forEach (<anonymous>)
	at File.GetList (c:\Users\Administrator\.vscode\extensions\cl.eide-1.1.1\out\lib\node-utility\File.js:150:35)
	at EIDEProject.EnumIncDir (c:\Users\Administrator\.vscode\extensions\cl.eide-1.1.1\out\src\EIDEProject.js:1034:69)
	at c:\Users\Administrator\.vscode\extensions\cl.eide-1.1.1\out\src\EIDEProject.js:1072:39
	at Array.forEach (<anonymous>)
	at EventEmitter.<anonymous> (c:\Users\Administrator\.vscode\extensions\cl.eide-1.1.1\out\src\EIDEProject.js:1068:26)
	at EventEmitter.emit (events.js:203:13)
	at EIDEProject.emit (c:\Users\Administrator\.vscode\extensions\cl.eide-1.1.1\out\src\EIDEProject.js:837:28)
	at FileWatcher.watcher.OnRename (c:\Users\Administrator\.vscode\extensions\cl.eide-1.1.1\out\src\EIDEProject.js:938:47)
	at FSWatcher.<anonymous> (c:\Users\Administrator\.vscode\extensions\cl.eide-1.1.1\out\lib\node-utility\FileWatcher.js:17:34)
	at FSWatcher.emit (events.js:203:13)
	at FSEvent.FSWatcher._handle.onchange (internal/fs/watchers.js:131:12)



[Error] : Error: write EPIPE
	at afterWriteDispatched (internal/stream_base_commons.js:146:25)
	at writeGeneric (internal/stream_base_commons.js:137:3)
	at Socket._writeGeneric (net.js:698:11)
	at Socket._write (net.js:710:8)
	at doWrite (_stream_writable.js:418:12)
	at writeOrBuffer (_stream_writable.js:402:5)
	at Socket.Writable.write (_stream_writable.js:302:11)
	at d.write (c:\Program Files\Microsoft VS Code\resources\app\out\vs\workbench\services\extensions\node\extensionHostProcess.js:212:867)
	at f._writeNow (c:\Program Files\Microsoft VS Code\resources\app\out\vs\workbench\services\extensions\node\extensionHostProcess.js:205:110)
	at Immediate.<anonymous> (c:\Program Files\Microsoft VS Code\resources\app\out\vs\workbench\services\extensions\node\extensionHostProcess.js:205:48)
	at processImmediate (internal/timers.js:439:21)
