C51 COMPILER V9.55   EEPROM                                                                05/14/2020 20:00:14 PAGE 1   


C51 COMPILER V9.55, COMPILATION OF MODULE EEPROM
OBJECT MODULE PLACED IN c:\Users\Administrator\Documents\Source\MCU\bujin\.\out\EEPROM.obj
COMPILER INVOKED BY: c:\Keil_v5\C51\BIN\C51.exe c:\Users\Administrator\Documents\Source\MCU\bujin\.\dependence\build-in\
                    -STD\EEPROM.c COMPACT OMF2 ROM(LARGE) OPTIMIZE(8,SPEED) REGFILE(c:\Users\Administrator\Documents\Source\MCU\bujin\.\out\m
                    -ain.ORC) INCDIR(c:\Users\Administrator\Documents\Source\MCU\bujin\.\dependence;c:\Users\Administrator\Documents\Source\M
                    -CU\bujin\.\dependence\build-in;c:\Users\Administrator\Documents\Source\MCU\bujin\.\dependence\build-in\STD;c:\Keil_v5\C5
                    -1\INC) PRINT(c:\Users\Administrator\Documents\Source\MCU\bujin\.\out\EEPROM.lst) TABS(2) OBJECT(c:\Users\Administrator\D
                    -ocuments\Source\MCU\bujin\.\out\EEPROM.obj)

line level    source

   1          
   2          //  æœ¬ç¨‹åºæ˜¯STCç³»åˆ—çš„å†…ç½®EEPROMè¯»å†™ç¨‹åºã€‚
   3          
   4          #include "C:\Users\Administrator\Documents\Source\MCU\bujin\dependence\build-in\STD\config.h"
*** WARNING C318 IN LINE 18 OF C:\Users\Administrator\Documents\Source\MCU\bujin\dependence\build-in\STD\config.h: can't
             - open file 'stc8.h'
   5          #include "C:\Users\Administrator\Documents\Source\MCU\bujin\dependence\build-in\STD\eeprom.h"
*** ERROR C141 IN LINE 31 OF C:\Users\Administrator\Documents\Source\MCU\bujin\dependence\build-in\STD\eeprom.h: syntax 
             -error near 'EE_address', expected ')'
*** ERROR C141 IN LINE 32 OF C:\Users\Administrator\Documents\Source\MCU\bujin\dependence\build-in\STD\eeprom.h: syntax 
             -error near 'EE_address', expected ')'
*** ERROR C141 IN LINE 33 OF C:\Users\Administrator\Documents\Source\MCU\bujin\dependence\build-in\STD\eeprom.h: syntax 
             -error near 'EE_address', expected ')'
   6          #include <C:\Keil_v5\C51\INC\intrins.h>
   7          
   8          
   9          //========================================================================
  10          // å‡½æ•°: void ISP_Disable(void)
  11          // æè¿°: ç¦æ­¢è®¿é—®ISP/IAP.
  12          // å‚æ•°: non.
  13          // è¿”å›: non.
  14          // ç‰ˆæœ¬: V1.0, 2012-10-22
  15          //========================================================================
  16          void  DisableEEPROM(void)
  17          {
  18   1        ISP_CONTR = 0;      //ç¦æ­¢ISP/IAPæ“ä½œ
*** ERROR C202 IN LINE 18 OF c:\Users\Administrator\Documents\Source\MCU\bujin\.\dependence\build-in\STD\EEPROM.c: 'ISP_
             -CONTR': undefined identifier
  19   1        ISP_CMD   = 0;      //å»é™¤ISP/IAPå‘½ä»¤
*** ERROR C202 IN LINE 19 OF c:\Users\Administrator\Documents\Source\MCU\bujin\.\dependence\build-in\STD\EEPROM.c: 'ISP_
             -CMD': undefined identifier
  20   1        ISP_TRIG  = 0;      //é˜²æ­¢ISP/IAPå‘½ä»¤è¯¯è§¦å‘
*** ERROR C202 IN LINE 20 OF c:\Users\Administrator\Documents\Source\MCU\bujin\.\dependence\build-in\STD\EEPROM.c: 'ISP_
             -TRIG': undefined identifier
  21   1        ISP_ADDRH = 0xff;   //æ¸…0åœ°å€é«˜å­—èŠ‚
*** ERROR C202 IN LINE 21 OF c:\Users\Administrator\Documents\Source\MCU\bujin\.\dependence\build-in\STD\EEPROM.c: 'ISP_
             -ADDRH': undefined identifier
  22   1        ISP_ADDRL = 0xff;   //æ¸…0åœ°å€ä½å­—èŠ‚ï¼ŒæŒ‡å‘éEEPROMåŒºï¼Œé˜²æ­¢è¯¯æ“ä½œ
*** ERROR C202 IN LINE 22 OF c:\Users\Administrator\Documents\Source\MCU\bujin\.\dependence\build-in\STD\EEPROM.c: 'ISP_
             -ADDRL': undefined identifier
  23   1      }
  24          
  25          //========================================================================
  26          // å‡½æ•°: void EEPROM_read_n(u16 EE_address,u8 *DataAddress,u16 number)
  27          // æè¿°: ä»æŒ‡å®šEEPROMé¦–åœ°å€è¯»å‡ºnä¸ªå­—èŠ‚æ”¾æŒ‡å®šçš„ç¼“å†².
  28          // å‚æ•°: EE_address:  è¯»å‡ºEEPROMçš„é¦–åœ°å€.
  29          //       DataAddress: è¯»å‡ºæ•°æ®æ”¾ç¼“å†²çš„é¦–åœ°å€.
  30          //       number:      è¯»å‡ºçš„å­—èŠ‚é•¿åº¦.
  31          // è¿”å›: non.
  32          // ç‰ˆæœ¬: V1.0, 2012-10-22
C51 COMPILER V9.55   EEPROM                                                                05/14/2020 20:00:14 PAGE 2   

  33          //========================================================================
  34          
  35          void EEPROM_read_n(u16 EE_address,u8 *DataAddress,u16 number)
*** ERROR C141 IN LINE 35 OF c:\Users\Administrator\Documents\Source\MCU\bujin\.\dependence\build-in\STD\EEPROM.c: synta
             -x error near 'EE_address', expected ')'
  36          {
  37   1        EA = 0;   //ç¦æ­¢ä¸­æ–­
*** ERROR C202 IN LINE 37 OF c:\Users\Administrator\Documents\Source\MCU\bujin\.\dependence\build-in\STD\EEPROM.c: 'EA':
             - undefined identifier
  38   1        ISP_CONTR = (IAPEN + ISP_WAIT_FREQUENCY); //è®¾ç½®ç­‰å¾…æ—¶é—´ï¼Œå…è®¸ISP/IAPæ“ä½œï¼Œé€ä¸€æ¬¡å°±å¤Ÿ
*** ERROR C202 IN LINE 38 OF c:\Users\Administrator\Documents\Source\MCU\bujin\.\dependence\build-in\STD\EEPROM.c: 'ISP_
             -CONTR': undefined identifier
  39   1        ISP_CMD = 1;                  //é€å­—èŠ‚è¯»å‘½ä»¤ï¼Œå‘½ä»¤ä¸éœ€æ”¹å˜æ—¶ï¼Œä¸éœ€é‡æ–°é€å‘½ä»¤
*** ERROR C202 IN LINE 39 OF c:\Users\Administrator\Documents\Source\MCU\bujin\.\dependence\build-in\STD\EEPROM.c: 'ISP_
             -CMD': undefined identifier
  40   1        do
  41   1        {
  42   2          ISP_ADDRH = EE_address / 256;   //é€åœ°å€é«˜å­—èŠ‚ï¼ˆåœ°å€éœ€è¦æ”¹å˜æ—¶æ‰éœ€é‡æ–°é€åœ°å€ï¼‰
*** ERROR C202 IN LINE 42 OF c:\Users\Administrator\Documents\Source\MCU\bujin\.\dependence\build-in\STD\EEPROM.c: 'ISP_
             -ADDRH': undefined identifier
  43   2          ISP_ADDRL = EE_address % 256;   //é€åœ°å€ä½å­—èŠ‚
*** ERROR C202 IN LINE 43 OF c:\Users\Administrator\Documents\Source\MCU\bujin\.\dependence\build-in\STD\EEPROM.c: 'ISP_
             -ADDRL': undefined identifier
  44   2          ISP_TRIG = 0x5A;          //å…ˆé€5AHï¼Œå†é€A5Håˆ°ISP/IAPè§¦å‘å¯„å­˜å™¨ï¼Œæ¯æ¬¡éƒ½éœ€è¦å¦‚æ­¤
*** ERROR C202 IN LINE 44 OF c:\Users\Administrator\Documents\Source\MCU\bujin\.\dependence\build-in\STD\EEPROM.c: 'ISP_
             -TRIG': undefined identifier
  45   2          ISP_TRIG = 0xA5;          //é€å®ŒA5Håï¼ŒISP/IAPå‘½ä»¤ç«‹å³è¢«è§¦å‘å¯åŠ¨
*** ERROR C202 IN LINE 45 OF c:\Users\Administrator\Documents\Source\MCU\bujin\.\dependence\build-in\STD\EEPROM.c: 'ISP_
             -TRIG': undefined identifier
  46   2                            //CPUç­‰å¾…IAPå®Œæˆåï¼Œæ‰ä¼šç»§ç»­æ‰§è¡Œç¨‹åºã€‚
  47   2          _nop_();
  48   2          *DataAddress = ISP_DATA;      //è¯»å‡ºçš„æ•°æ®é€å¾€
*** ERROR C202 IN LINE 48 OF c:\Users\Administrator\Documents\Source\MCU\bujin\.\dependence\build-in\STD\EEPROM.c: 'Data
             -Address': undefined identifier
  49   2          EE_address++;
*** ERROR C202 IN LINE 49 OF c:\Users\Administrator\Documents\Source\MCU\bujin\.\dependence\build-in\STD\EEPROM.c: 'EE_a
             -ddress': undefined identifier
  50   2          DataAddress++;
*** ERROR C202 IN LINE 50 OF c:\Users\Administrator\Documents\Source\MCU\bujin\.\dependence\build-in\STD\EEPROM.c: 'Data
             -Address': undefined identifier
  51   2        }while(--number);
*** ERROR C202 IN LINE 51 OF c:\Users\Administrator\Documents\Source\MCU\bujin\.\dependence\build-in\STD\EEPROM.c: 'numb
             -er': undefined identifier
  52   1      
  53   1        DisableEEPROM();
  54   1        EA = 1;   //é‡æ–°å…è®¸ä¸­æ–­
*** ERROR C202 IN LINE 54 OF c:\Users\Administrator\Documents\Source\MCU\bujin\.\dependence\build-in\STD\EEPROM.c: 'EA':
             - undefined identifier
  55   1      }
  56          
  57          
  58          /******************** æ‰‡åŒºæ“¦é™¤å‡½æ•° *****************/
  59          //========================================================================
  60          // å‡½æ•°: void EEPROM_SectorErase(u16 EE_address)
  61          // æè¿°: æŠŠæŒ‡å®šåœ°å€çš„EEPROMæ‰‡åŒºæ“¦é™¤.
  62          // å‚æ•°: EE_address:  è¦æ“¦é™¤çš„æ‰‡åŒºEEPROMçš„åœ°å€.
  63          // è¿”å›: non.
  64          // ç‰ˆæœ¬: V1.0, 2013-5-10
  65          //========================================================================
  66          void EEPROM_SectorErase(u16 EE_address)
*** ERROR C141 IN LINE 66 OF c:\Users\Administrator\Documents\Source\MCU\bujin\.\dependence\build-in\STD\EEPROM.c: synta
             -x error near 'EE_address', expected ')'
C51 COMPILER V9.55   EEPROM                                                                05/14/2020 20:00:14 PAGE 3   

  67          {
  68   1        EA = 0;   //ç¦æ­¢ä¸­æ–­
*** ERROR C202 IN LINE 68 OF c:\Users\Administrator\Documents\Source\MCU\bujin\.\dependence\build-in\STD\EEPROM.c: 'EA':
             - undefined identifier
  69   1                            //åªæœ‰æ‰‡åŒºæ“¦é™¤ï¼Œæ²¡æœ‰å­—èŠ‚æ“¦é™¤ï¼Œ512å­—èŠ‚/æ‰‡åŒºã€‚
  70   1                            //æ‰‡åŒºä¸­ä»»æ„ä¸€ä¸ªå­—èŠ‚åœ°å€éƒ½æ˜¯æ‰‡åŒºåœ°å€ã€‚
  71   1        ISP_ADDRH = EE_address / 256;     //é€æ‰‡åŒºåœ°å€é«˜å­—èŠ‚ï¼ˆåœ°å€éœ€è¦æ”¹å˜æ—¶æ‰éœ€é‡æ–°é€åœ°å€ï¼
             -‰
*** ERROR C202 IN LINE 71 OF c:\Users\Administrator\Documents\Source\MCU\bujin\.\dependence\build-in\STD\EEPROM.c: 'ISP_
             -ADDRH': undefined identifier
  72   1        ISP_ADDRL = EE_address % 256;     //é€æ‰‡åŒºåœ°å€ä½å­—èŠ‚
*** ERROR C202 IN LINE 72 OF c:\Users\Administrator\Documents\Source\MCU\bujin\.\dependence\build-in\STD\EEPROM.c: 'ISP_
             -ADDRL': undefined identifier
  73   1        ISP_CONTR = (IAPEN + ISP_WAIT_FREQUENCY); //è®¾ç½®ç­‰å¾…æ—¶é—´ï¼Œå…è®¸ISP/IAPæ“ä½œï¼Œé€ä¸€æ¬¡å°±å¤Ÿ
*** ERROR C202 IN LINE 73 OF c:\Users\Administrator\Documents\Source\MCU\bujin\.\dependence\build-in\STD\EEPROM.c: 'ISP_
             -CONTR': undefined identifier
  74   1        ISP_CMD = 3;              //é€æ‰‡åŒºæ“¦é™¤å‘½ä»¤ï¼Œå‘½ä»¤ä¸éœ€æ”¹å˜æ—¶ï¼Œä¸éœ€é‡æ–°é€å‘½ä»¤
*** ERROR C202 IN LINE 74 OF c:\Users\Administrator\Documents\Source\MCU\bujin\.\dependence\build-in\STD\EEPROM.c: 'ISP_
             -CMD': undefined identifier
  75   1        ISP_TRIG = 0x5A;
*** ERROR C202 IN LINE 75 OF c:\Users\Administrator\Documents\Source\MCU\bujin\.\dependence\build-in\STD\EEPROM.c: 'ISP_
             -TRIG': undefined identifier
  76   1        ISP_TRIG = 0xA5;
*** ERROR C202 IN LINE 76 OF c:\Users\Administrator\Documents\Source\MCU\bujin\.\dependence\build-in\STD\EEPROM.c: 'ISP_
             -TRIG': undefined identifier
  77   1        _nop_();
  78   1        DisableEEPROM();
  79   1        EA = 1;   //é‡æ–°å…è®¸ä¸­æ–­
*** ERROR C202 IN LINE 79 OF c:\Users\Administrator\Documents\Source\MCU\bujin\.\dependence\build-in\STD\EEPROM.c: 'EA':
             - undefined identifier
  80   1      }
  81          
  82          //========================================================================
  83          // å‡½æ•°: void EEPROM_write_n(u16 EE_address,u8 *DataAddress,u16 number)
  84          // æè¿°: æŠŠç¼“å†²çš„nä¸ªå­—èŠ‚å†™å…¥æŒ‡å®šé¦–åœ°å€çš„EEPROM.
  85          // å‚æ•°: EE_address:  å†™å…¥EEPROMçš„é¦–åœ°å€.
  86          //       DataAddress: å†™å…¥æºæ•°æ®çš„ç¼“å†²çš„é¦–åœ°å€.
  87          //       number:      å†™å…¥çš„å­—èŠ‚é•¿åº¦.
  88          // è¿”å›: non.
  89          // ç‰ˆæœ¬: V1.0, 2012-10-22
  90          //========================================================================
  91          void EEPROM_write_n(u16 EE_address,u8 *DataAddress,u16 number)
*** ERROR C141 IN LINE 91 OF c:\Users\Administrator\Documents\Source\MCU\bujin\.\dependence\build-in\STD\EEPROM.c: synta
             -x error near 'EE_address', expected ')'
  92          {
  93   1        EA = 0;   //ç¦æ­¢ä¸­æ–­
*** ERROR C202 IN LINE 93 OF c:\Users\Administrator\Documents\Source\MCU\bujin\.\dependence\build-in\STD\EEPROM.c: 'EA':
             - undefined identifier
  94   1      
  95   1        ISP_CONTR = (IAPEN + ISP_WAIT_FREQUENCY); //è®¾ç½®ç­‰å¾…æ—¶é—´ï¼Œå…è®¸ISP/IAPæ“ä½œï¼Œé€ä¸€æ¬¡å°±å¤Ÿ
*** ERROR C202 IN LINE 95 OF c:\Users\Administrator\Documents\Source\MCU\bujin\.\dependence\build-in\STD\EEPROM.c: 'ISP_
             -CONTR': undefined identifier
  96   1        ISP_CMD = 2;              //é€å­—èŠ‚å†™å‘½ä»¤ï¼Œå‘½ä»¤ä¸éœ€æ”¹å˜æ—¶ï¼Œä¸éœ€é‡æ–°é€å‘½ä»¤
*** ERROR C202 IN LINE 96 OF c:\Users\Administrator\Documents\Source\MCU\bujin\.\dependence\build-in\STD\EEPROM.c: 'ISP_
             -CMD': undefined identifier
  97   1        do
  98   1        {
  99   2          ISP_ADDRH = EE_address / 256;   //é€åœ°å€é«˜å­—èŠ‚ï¼ˆåœ°å€éœ€è¦æ”¹å˜æ—¶æ‰éœ€é‡æ–°é€åœ°å€ï¼‰
*** ERROR C202 IN LINE 99 OF c:\Users\Administrator\Documents\Source\MCU\bujin\.\dependence\build-in\STD\EEPROM.c: 'ISP_
             -ADDRH': undefined identifier
 100   2          ISP_ADDRL = EE_address % 256;   //é€åœ°å€ä½å­—èŠ‚
*** ERROR C202 IN LINE 100 OF c:\Users\Administrator\Documents\Source\MCU\bujin\.\dependence\build-in\STD\EEPROM.c: 'ISP
C51 COMPILER V9.55   EEPROM                                                                05/14/2020 20:00:14 PAGE 4   

             -_ADDRL': undefined identifier
 101   2          ISP_DATA  = *DataAddress;     //é€æ•°æ®åˆ°ISP_DATAï¼Œåªæœ‰æ•°æ®æ”¹å˜æ—¶æ‰éœ€é‡æ–°é€
*** ERROR C202 IN LINE 101 OF c:\Users\Administrator\Documents\Source\MCU\bujin\.\dependence\build-in\STD\EEPROM.c: 'ISP
             -_DATA': undefined identifier
 102   2          ISP_TRIG = 0x5A;
*** ERROR C202 IN LINE 102 OF c:\Users\Administrator\Documents\Source\MCU\bujin\.\dependence\build-in\STD\EEPROM.c: 'ISP
             -_TRIG': undefined identifier
 103   2          ISP_TRIG = 0xA5;
*** ERROR C202 IN LINE 103 OF c:\Users\Administrator\Documents\Source\MCU\bujin\.\dependence\build-in\STD\EEPROM.c: 'ISP
             -_TRIG': undefined identifier
 104   2          _nop_();
 105   2          EE_address++;
*** ERROR C202 IN LINE 105 OF c:\Users\Administrator\Documents\Source\MCU\bujin\.\dependence\build-in\STD\EEPROM.c: 'EE_
             -address': undefined identifier
 106   2          DataAddress++;
*** ERROR C202 IN LINE 106 OF c:\Users\Administrator\Documents\Source\MCU\bujin\.\dependence\build-in\STD\EEPROM.c: 'Dat
             -aAddress': undefined identifier
 107   2        }while(--number);
*** ERROR C202 IN LINE 107 OF c:\Users\Administrator\Documents\Source\MCU\bujin\.\dependence\build-in\STD\EEPROM.c: 'num
             -ber': undefined identifier
 108   1      
 109   1        DisableEEPROM();
 110   1        EA = 1;   //é‡æ–°å…è®¸ä¸­æ–­
*** ERROR C202 IN LINE 110 OF c:\Users\Administrator\Documents\Source\MCU\bujin\.\dependence\build-in\STD\EEPROM.c: 'EA'
             -: undefined identifier
 111   1      }
 112          

C51 COMPILATION COMPLETE.  1 WARNING(S),  43 ERROR(S)
